<?xml version="1.0" encoding="UTF-8"?>
<!-- Generated by org.testng.reporters.JUnitReportReporter -->
<testsuite skipped="0" hostname="DESKTOP-ESGJ9GD" name="test.LogInTest" tests="1" failures="0" timestamp="2023-04-27T15:17:30 EDT" time="5.202" errors="0">
  <testcase name="validUserShouldAbleToLogIn" time="5.202" classname="test.LogInTest"/>
  <system-out/>
</testsuite> <!-- test.LogInTest -->
